2566-03-31 14:51:14.601  INFO 20428 --- [main] lavalink.server.Launcher                 : Starting Launcher using Java 20 on DESKTOP-M59Q2AM with PID 20428 (C:\Users\STARSTEAM_X\Desktop\Erela.js\Lavalink\Lavalink.jar started by STARSTEAM_X in C:\Users\STARSTEAM_X\Desktop\Erela.js\Lavalink)
2566-03-31 14:51:14.617  INFO 20428 --- [main] lavalink.server.Launcher                 : No active profile set, falling back to 1 default profile: "default"
2566-03-31 14:51:15.432  INFO 20428 --- [main] lavalink.server.Launcher                 : Started Launcher in 1.449 seconds (JVM running for 2.119)
2566-03-31 14:51:15.436  INFO 20428 --- [main] lavalink.server.Launcher                 : You can safely ignore the big red warning about illegal reflection. See https://github.com/freyacodes/Lavalink/issues/295
2566-03-31 14:51:15.487  INFO 20428 --- [main] lavalink.server.Launcher                 : 

[32m       .  [31m _                  _ _       _    [32m__ _ _
[32m      /\\ [31m| | __ ___   ____ _| (_)_ __ | | __[32m\ \ \ \
[32m     ( ( )[31m| |/ _` \ \ / / _` | | | '_ \| |/ /[32m \ \ \ \
[32m      \\/ [31m| | (_| |\ V / (_| | | | | | |   < [32m  ) ) ) )
[32m       '  [31m|_|\__,_| \_/ \__,_|_|_|_| |_|_|\_\[32m / / / /
[0m    =========================================[32m/_/_/_/[0m

	Version:        3.7.5
	Build time:     06.03.2023 12:02:05 UTC
	Branch          HEAD
	Commit:         c00286d
	Commit time:    06.03.2023 11:59:46 UTC
	JVM:            20
	Lavaplayer      1.4.0-original

2566-03-31 14:51:15.494  INFO 20428 --- [main] lavalink.server.Launcher                 : No active profile set, falling back to 1 default profile: "default"
2566-03-31 14:51:16.370  WARN 20428 --- [main] io.undertow.websockets.jsr               : UT026010: Buffer pool was not set on WebSocketDeploymentInfo, the default pool will be used
2566-03-31 14:51:16.400  INFO 20428 --- [main] io.undertow.servlet                      : Initializing Spring embedded WebApplicationContext
2566-03-31 14:51:16.401  INFO 20428 --- [main] w.s.c.ServletWebServerApplicationContext : Root WebApplicationContext: initialization completed in 902 ms
2566-03-31 14:51:16.492  INFO 20428 --- [main] l.server.metrics.PrometheusMetrics       : Prometheus metrics set up
2566-03-31 14:51:16.505  WARN 20428 --- [main] l.server.config.SentryConfiguration      : Turning off sentry
2566-03-31 14:51:16.744  INFO 20428 --- [main] c.s.d.l.tools.GarbageCollectionMonitor   : GC monitoring enabled, reporting results every 2 minutes.
2566-03-31 14:51:17.617  INFO 20428 --- [main] lavalink.server.config.KoeConfiguration  : OS: WINDOWS, Arch: X86_64
2566-03-31 14:51:17.618  INFO 20428 --- [main] lavalink.server.config.KoeConfiguration  : Enabling JDA-NAS
2566-03-31 14:51:17.623  INFO 20428 --- [main] c.s.l.c.natives.NativeLibraryLoader      : Native library udpqueue: loading with filter null
2566-03-31 14:51:17.630  INFO 20428 --- [main] c.s.l.c.natives.NativeLibraryLoader      : Native library udpqueue: successfully loaded.
2566-03-31 14:51:17.901  INFO 20428 --- [main] io.undertow                              : starting server: Undertow - 2.2.16.Final
2566-03-31 14:51:17.910  INFO 20428 --- [main] org.xnio                                 : XNIO version 3.8.6.Final
2566-03-31 14:51:17.919  INFO 20428 --- [main] org.xnio.nio                             : XNIO NIO Implementation Version 3.8.6.Final
2566-03-31 14:51:18.015  INFO 20428 --- [main] org.jboss.threads                        : JBoss Threads version 3.1.0.Final
2566-03-31 14:51:18.069  INFO 20428 --- [main] o.s.b.w.e.undertow.UndertowWebServer     : Undertow started on port(s) 443 (http)
2566-03-31 14:51:18.074  INFO 20428 --- [main] lavalink.server.Launcher                 : Started Launcher in 2.632 seconds (JVM running for 4.761)
2566-03-31 14:51:18.075  INFO 20428 --- [main] lavalink.server.Launcher                 : Lavalink is ready to accept connections.
2566-03-31 14:51:25.839  INFO 20428 --- [XNIO-1 task-1] io.undertow.servlet                      : Initializing Spring DispatcherServlet 'dispatcherServlet'
2566-03-31 14:51:25.839  INFO 20428 --- [XNIO-1 task-1] o.s.web.servlet.DispatcherServlet        : Initializing Servlet 'dispatcherServlet'
2566-03-31 14:51:25.841  INFO 20428 --- [XNIO-1 task-1] o.s.web.servlet.DispatcherServlet        : Completed initialization in 0 ms
2566-03-31 14:51:25.858  INFO 20428 --- [XNIO-1 task-1] l.server.io.HandshakeInterceptorImpl     : Incoming connection from /[0:0:0:0:0:0:0:1]:63401
2566-03-31 14:51:26.087  INFO 20428 --- [XNIO-1 task-1] lavalink.server.io.SocketServer          : Connection successfully established from erela.js
2566-03-31 14:51:52.928  INFO 20428 --- [XNIO-1 I/O-12] lavalink.server.io.SocketServer          : Connection closed from /[0:0:0:0:0:0:0:1]:63401 -- CloseStatus[code=1006, reason=]
2566-03-31 14:51:52.929  INFO 20428 --- [XNIO-1 I/O-12] lavalink.server.io.SocketContext         : Shutting down 0 playing players.
2566-03-31 14:51:57.819  INFO 20428 --- [XNIO-1 task-1] l.server.io.HandshakeInterceptorImpl     : Incoming connection from /[0:0:0:0:0:0:0:1]:63436
2566-03-31 14:51:57.824  INFO 20428 --- [XNIO-1 task-1] lavalink.server.io.SocketServer          : Connection successfully established from erela.js
2566-03-31 14:52:34.016  INFO 20428 --- [XNIO-1 task-1] l.server.player.AudioLoaderRestHandler   : Got request to load for identifier "ytsearch:ZENTYARB x PUNYARB - อัศวินดามใจ"
2566-03-31 14:52:34.640  INFO 20428 --- [lava-daemon-pool-info-loader-2-thread-1] lavalink.server.player.AudioLoader       : Loaded playlist Search results for: ZENTYARB x PUNYARB - อัศวินดามใจ
2566-03-31 14:52:50.479  INFO 20428 --- [XNIO-1 task-1] l.server.player.AudioLoaderRestHandler   : Got request to load for identifier "ytsearch:ZENTYARB x PUNYARB - อัศวินดามใจ"
2566-03-31 14:52:50.783  INFO 20428 --- [lava-daemon-pool-info-loader-2-thread-1] lavalink.server.player.AudioLoader       : Loaded playlist Search results for: ZENTYARB x PUNYARB - อัศวินดามใจ
2566-03-31 14:53:37.329  INFO 20428 --- [XNIO-1 I/O-15] lavalink.server.io.SocketServer          : Connection closed from /[0:0:0:0:0:0:0:1]:63436 -- CloseStatus[code=1006, reason=]
2566-03-31 14:53:37.330  INFO 20428 --- [XNIO-1 I/O-15] lavalink.server.io.SocketContext         : Shutting down 0 playing players.
2566-03-31 14:53:45.237  INFO 9444 --- [main] lavalink.server.Launcher                 : Starting Launcher using Java 20 on DESKTOP-M59Q2AM with PID 9444 (C:\Users\STARSTEAM_X\Desktop\Erela.js\Lavalink\Lavalink.jar started by STARSTEAM_X in C:\Users\STARSTEAM_X\Desktop\Erela.js\Lavalink)
2566-03-31 14:53:45.245  INFO 9444 --- [main] lavalink.server.Launcher                 : No active profile set, falling back to 1 default profile: "default"
2566-03-31 14:53:46.092  INFO 9444 --- [main] lavalink.server.Launcher                 : Started Launcher in 1.549 seconds (JVM running for 2.158)
2566-03-31 14:53:46.095  INFO 9444 --- [main] lavalink.server.Launcher                 : You can safely ignore the big red warning about illegal reflection. See https://github.com/freyacodes/Lavalink/issues/295
2566-03-31 14:53:46.142  INFO 9444 --- [main] lavalink.server.Launcher                 : 

[32m       .  [31m _                  _ _       _    [32m__ _ _
[32m      /\\ [31m| | __ ___   ____ _| (_)_ __ | | __[32m\ \ \ \
[32m     ( ( )[31m| |/ _` \ \ / / _` | | | '_ \| |/ /[32m \ \ \ \
[32m      \\/ [31m| | (_| |\ V / (_| | | | | | |   < [32m  ) ) ) )
[32m       '  [31m|_|\__,_| \_/ \__,_|_|_|_| |_|_|\_\[32m / / / /
[0m    =========================================[32m/_/_/_/[0m

	Version:        3.7.5
	Build time:     06.03.2023 12:02:05 UTC
	Branch          HEAD
	Commit:         c00286d
	Commit time:    06.03.2023 11:59:46 UTC
	JVM:            20
	Lavaplayer      1.4.0-original

2566-03-31 14:53:46.150  INFO 9444 --- [main] lavalink.server.Launcher                 : No active profile set, falling back to 1 default profile: "default"
2566-03-31 14:53:47.031  WARN 9444 --- [main] io.undertow.websockets.jsr               : UT026010: Buffer pool was not set on WebSocketDeploymentInfo, the default pool will be used
2566-03-31 14:53:47.059  INFO 9444 --- [main] io.undertow.servlet                      : Initializing Spring embedded WebApplicationContext
2566-03-31 14:53:47.060  INFO 9444 --- [main] w.s.c.ServletWebServerApplicationContext : Root WebApplicationContext: initialization completed in 906 ms
2566-03-31 14:53:47.156  INFO 9444 --- [main] l.server.metrics.PrometheusMetrics       : Prometheus metrics set up
2566-03-31 14:53:47.171  WARN 9444 --- [main] l.server.config.SentryConfiguration      : Turning off sentry
2566-03-31 14:53:47.373  INFO 9444 --- [main] c.s.d.l.tools.GarbageCollectionMonitor   : GC monitoring enabled, reporting results every 2 minutes.
2566-03-31 14:53:48.960  INFO 9444 --- [main] lavalink.server.config.KoeConfiguration  : OS: WINDOWS, Arch: X86_64
2566-03-31 14:53:48.961  INFO 9444 --- [main] lavalink.server.config.KoeConfiguration  : Enabling JDA-NAS
2566-03-31 14:53:48.968  INFO 9444 --- [main] c.s.l.c.natives.NativeLibraryLoader      : Native library udpqueue: loading with filter null
2566-03-31 14:53:48.977  INFO 9444 --- [main] c.s.l.c.natives.NativeLibraryLoader      : Native library udpqueue: successfully loaded.
2566-03-31 14:53:49.279  INFO 9444 --- [main] io.undertow                              : starting server: Undertow - 2.2.16.Final
2566-03-31 14:53:49.287  INFO 9444 --- [main] org.xnio                                 : XNIO version 3.8.6.Final
2566-03-31 14:53:49.296  INFO 9444 --- [main] org.xnio.nio                             : XNIO NIO Implementation Version 3.8.6.Final
2566-03-31 14:53:49.386  INFO 9444 --- [main] org.jboss.threads                        : JBoss Threads version 3.1.0.Final
2566-03-31 14:53:49.446  INFO 9444 --- [main] io.undertow                              : stopping server: Undertow - 2.2.16.Final
2566-03-31 14:53:49.448  WARN 9444 --- [main] ConfigServletWebServerApplicationContext : Exception encountered during context initialization - cancelling refresh attempt: org.springframework.context.ApplicationContextException: Failed to start bean 'webServerStartStop'; nested exception is org.springframework.boot.web.server.PortInUseException: Port 443 is already in use
2566-03-31 14:53:49.450  INFO 9444 --- [main] c.s.d.l.tools.GarbageCollectionMonitor   : GC monitoring disabled.
2566-03-31 14:53:49.457 ERROR 9444 --- [main] lavalink.server.Launcher                 : Application failed

org.springframework.context.ApplicationContextException: Failed to start bean 'webServerStartStop'; nested exception is org.springframework.boot.web.server.PortInUseException: Port 443 is already in use
	at org.springframework.context.support.DefaultLifecycleProcessor.doStart(DefaultLifecycleProcessor.java:181) ~[spring-context-5.3.18.jar!/:5.3.18]
	at org.springframework.context.support.DefaultLifecycleProcessor.access$200(DefaultLifecycleProcessor.java:54) ~[spring-context-5.3.18.jar!/:5.3.18]
	at org.springframework.context.support.DefaultLifecycleProcessor$LifecycleGroup.start(DefaultLifecycleProcessor.java:356) ~[spring-context-5.3.18.jar!/:5.3.18]
	at java.base/java.lang.Iterable.forEach(Iterable.java:75) ~[na:na]
	at org.springframework.context.support.DefaultLifecycleProcessor.startBeans(DefaultLifecycleProcessor.java:155) ~[spring-context-5.3.18.jar!/:5.3.18]
	at org.springframework.context.support.DefaultLifecycleProcessor.onRefresh(DefaultLifecycleProcessor.java:123) ~[spring-context-5.3.18.jar!/:5.3.18]
	at org.springframework.context.support.AbstractApplicationContext.finishRefresh(AbstractApplicationContext.java:935) ~[spring-context-5.3.18.jar!/:5.3.18]
	at org.springframework.context.support.AbstractApplicationContext.refresh(AbstractApplicationContext.java:586) ~[spring-context-5.3.18.jar!/:5.3.18]
	at org.springframework.boot.web.servlet.context.ServletWebServerApplicationContext.refresh(ServletWebServerApplicationContext.java:145) ~[spring-boot-2.6.6.jar!/:2.6.6]
	at org.springframework.boot.SpringApplication.refresh(SpringApplication.java:740) ~[spring-boot-2.6.6.jar!/:2.6.6]
	at org.springframework.boot.SpringApplication.refreshContext(SpringApplication.java:415) ~[spring-boot-2.6.6.jar!/:2.6.6]
	at org.springframework.boot.SpringApplication.run(SpringApplication.java:303) ~[spring-boot-2.6.6.jar!/:2.6.6]
	at org.springframework.boot.builder.SpringApplicationBuilder.run(SpringApplicationBuilder.java:164) ~[spring-boot-2.6.6.jar!/:2.6.6]
	at lavalink.server.Launcher.launchMain(Launcher.kt:165) ~[classes!/:na]
	at lavalink.server.Launcher.main(Launcher.kt:127) ~[classes!/:na]
	at java.base/jdk.internal.reflect.DirectMethodHandleAccessor.invoke(DirectMethodHandleAccessor.java:104) ~[na:na]
	at java.base/java.lang.reflect.Method.invoke(Method.java:578) ~[na:na]
	at org.springframework.boot.loader.MainMethodRunner.run(MainMethodRunner.java:49) ~[Lavalink.jar:na]
	at org.springframework.boot.loader.Launcher.launch(Launcher.java:108) ~[Lavalink.jar:na]
	at org.springframework.boot.loader.Launcher.launch(Launcher.java:58) ~[Lavalink.jar:na]
	at org.springframework.boot.loader.JarLauncher.main(JarLauncher.java:88) ~[Lavalink.jar:na]
Caused by: org.springframework.boot.web.server.PortInUseException: Port 443 is already in use
	at org.springframework.boot.web.embedded.undertow.UndertowWebServer.lambda$start$0(UndertowWebServer.java:127) ~[spring-boot-2.6.6.jar!/:2.6.6]
	at org.springframework.boot.web.server.PortInUseException.lambda$ifPortBindingException$1(PortInUseException.java:85) ~[spring-boot-2.6.6.jar!/:2.6.6]
	at org.springframework.boot.web.server.PortInUseException.ifCausedBy(PortInUseException.java:103) ~[spring-boot-2.6.6.jar!/:2.6.6]
	at org.springframework.boot.web.server.PortInUseException.ifPortBindingException(PortInUseException.java:82) ~[spring-boot-2.6.6.jar!/:2.6.6]
	at org.springframework.boot.web.embedded.undertow.UndertowWebServer.start(UndertowWebServer.java:123) ~[spring-boot-2.6.6.jar!/:2.6.6]
	at org.springframework.boot.web.servlet.context.WebServerStartStopLifecycle.start(WebServerStartStopLifecycle.java:43) ~[spring-boot-2.6.6.jar!/:2.6.6]
	at org.springframework.context.support.DefaultLifecycleProcessor.doStart(DefaultLifecycleProcessor.java:178) ~[spring-context-5.3.18.jar!/:5.3.18]
	... 20 common frames omitted

2566-03-31 14:53:49.460  INFO 9444 --- [main] ConditionEvaluationReportLoggingListener : 

Error starting ApplicationContext. To display the conditions report re-run your application with 'debug' enabled.
2566-03-31 14:53:49.488 ERROR 9444 --- [main] o.s.b.d.LoggingFailureAnalysisReporter   : 

***************************
APPLICATION FAILED TO START
***************************

Description:

Web server failed to start. Port 443 was already in use.

Action:

Identify and stop the process that's listening on port 443 or configure this application to listen on another port.

2566-03-31 14:53:55.534  INFO 20524 --- [main] lavalink.server.Launcher                 : Starting Launcher using Java 20 on DESKTOP-M59Q2AM with PID 20524 (C:\Users\STARSTEAM_X\Desktop\Erela.js\Lavalink\Lavalink.jar started by STARSTEAM_X in C:\Users\STARSTEAM_X\Desktop\Erela.js\Lavalink)
2566-03-31 14:53:55.543  INFO 20524 --- [main] lavalink.server.Launcher                 : No active profile set, falling back to 1 default profile: "default"
2566-03-31 14:54:00.111  INFO 20428 --- [XNIO-1 task-1] l.server.io.HandshakeInterceptorImpl     : Incoming connection from /[0:0:0:0:0:0:0:1]:63547
2566-03-31 14:54:00.117  INFO 20428 --- [XNIO-1 task-1] lavalink.server.io.SocketServer          : Connection successfully established from erela.js
2566-03-31 14:54:17.548  INFO 20428 --- [XNIO-1 task-1] l.server.player.AudioLoaderRestHandler   : Got request to load for identifier "ytsearch:ENTYARB - ฉบับสุดท้าย"
2566-03-31 14:54:17.775  INFO 20428 --- [lava-daemon-pool-info-loader-2-thread-1] lavalink.server.player.AudioLoader       : Loaded playlist Search results for: ENTYARB - ฉบับสุดท้าย
2566-03-31 14:54:35.922  INFO 20428 --- [XNIO-1 task-1] l.server.player.AudioLoaderRestHandler   : Got request to load for identifier "ytsearch:ENTYARB - ฉบับสุดท้าย"
2566-03-31 14:54:36.107  INFO 20428 --- [lava-daemon-pool-info-loader-2-thread-1] lavalink.server.player.AudioLoader       : Loaded playlist Search results for: ENTYARB - ฉบับสุดท้าย
2566-03-31 14:54:56.193  INFO 20428 --- [XNIO-1 task-1] l.server.player.AudioLoaderRestHandler   : Got request to load for identifier "ytsearch:ENTYARB - ฉบับสุดท้าย"
2566-03-31 14:54:56.428  INFO 20428 --- [lava-daemon-pool-info-loader-2-thread-1] lavalink.server.player.AudioLoader       : Loaded playlist Search results for: ENTYARB - ฉบับสุดท้าย
2566-03-31 14:54:56.443  INFO 20428 --- [XNIO-1 I/O-3] lavalink.server.io.SocketServer          : {"op":"volume","guildId":"904174507504336976","volume":100}
2566-03-31 14:54:56.444  WARN 20428 --- [XNIO-1 I/O-3] lavalink.server.io.WebSocketHandler      : Sending websocket commands to Lavalink has been deprecated and will be removed in API version 4. API version 3 will be removed in Lavalink 5. Please use the new REST endpoints instead.
2566-03-31 14:54:56.450  INFO 20428 --- [XNIO-1 I/O-3] lavalink.server.io.SocketServer          : {"op":"play","guildId":"904174507504336976","track":"QAAAxAIAYlpFTlRZQVJCIHggUFVOWUFSQiAtIOC4ieC4muC4seC4muC4m+C4o+C4seC4muC4m+C4o+C4uOC4hyBGdC4gTEFaWUxPWFkgUHJvZC5ieSAxUm9jayBbT2ZmaWNpYWwgTVZdAAhaRU5UWUFSQgAAAAAABDI4AAs0akdqYnNqZWZncwABACtodHRwczovL3d3dy55b3V0dWJlLmNvbS93YXRjaD92PTRqR2pic2plZmdzAAd5b3V0dWJlAAAAAAAAAAA="}
2566-03-31 14:54:56.474  WARN 20428 --- [lava-daemon-pool-playback-1-thread-1] c.s.d.l.s.y.YoutubeAccessTokenTracker    : YouTube auth tokens can't be retrieved because email and password is not set in YoutubeAudioSourceManager, age restricted videos will throw exceptions.
2566-03-31 14:54:56.906  INFO 20428 --- [lava-daemon-pool-playback-1-thread-1] c.s.d.l.s.y.YoutubeAccessTokenTracker    : Updating YouTube visitor id (current is null).
2566-03-31 14:54:56.934  INFO 20428 --- [XNIO-1 I/O-3] lavalink.server.io.SocketServer          : {"op":"voiceUpdate","guildId":"904174507504336976","sessionId":"a0b80ff6ca39c96cf53c35e0249f81f0","event":{"token":"67383816d1e07bb4","guild_id":"904174507504336976","endpoint":"singapore3383.discord.media:443"}}
2566-03-31 14:54:57.068  INFO 20428 --- [lava-daemon-pool-playback-1-thread-1] c.s.d.l.s.y.YoutubeAccessTokenTracker    : Updating YouTube visitor id succeeded, new one is Cgs1RENzYk54TUVtUSjRo5qhBg%3D%3D, next update will be after 600 seconds.
2566-03-31 14:56:04.358  INFO 20428 --- [XNIO-1 I/O-3] lavalink.server.io.SocketServer          : Connection closed from /[0:0:0:0:0:0:0:1]:63547 -- CloseStatus[code=1006, reason=]
2566-03-31 14:56:04.359  INFO 20428 --- [XNIO-1 I/O-3] lavalink.server.io.SocketContext         : Shutting down 1 playing players.
2566-03-31 14:56:13.835  INFO 20428 --- [XNIO-1 task-1] l.server.io.HandshakeInterceptorImpl     : Incoming connection from /[0:0:0:0:0:0:0:1]:58567
2566-03-31 14:56:13.839  INFO 20428 --- [XNIO-1 task-1] lavalink.server.io.SocketServer          : Connection successfully established from erela.js
2566-03-31 14:57:06.730  INFO 20428 --- [XNIO-1 task-1] l.server.player.AudioLoaderRestHandler   : Got request to load for identifier "ytsearch:ZENTYARB - ซ่อน"
2566-03-31 14:57:07.112  INFO 20428 --- [lava-daemon-pool-info-loader-2-thread-1] lavalink.server.player.AudioLoader       : Loaded playlist Search results for: ZENTYARB - ซ่อน
2566-03-31 14:57:07.121  INFO 20428 --- [XNIO-1 I/O-1] lavalink.server.io.SocketServer          : {"op":"volume","guildId":"904174507504336976","volume":100}
2566-03-31 14:57:07.122  WARN 20428 --- [XNIO-1 I/O-1] lavalink.server.io.WebSocketHandler      : Sending websocket commands to Lavalink has been deprecated and will be removed in API version 4. API version 3 will be removed in Lavalink 5. Please use the new REST endpoints instead.
2566-03-31 14:57:07.123  INFO 20428 --- [XNIO-1 I/O-1] lavalink.server.io.SocketServer          : {"op":"play","guildId":"904174507504336976","track":"QAAAbgIADOC4i+C5iOC4reC4mQAIWkVOVFlBUkIAAAAAAAMRKAALNThaSlhFOTJsYkUAAQAraHR0cHM6Ly93d3cueW91dHViZS5jb20vd2F0Y2g/dj01OFpKWEU5MmxiRQAHeW91dHViZQAAAAAAAAAA"}
2566-03-31 14:57:07.642  INFO 20428 --- [XNIO-1 I/O-1] lavalink.server.io.SocketServer          : {"op":"voiceUpdate","guildId":"904174507504336976","sessionId":"f89c09a5f156f0d487276169e919f043","event":{"token":"67383816d1e07bb4","guild_id":"904174507504336976","endpoint":"singapore3383.discord.media:443"}}
2566-03-31 15:00:28.241  INFO 20428 --- [XNIO-1 task-1] l.server.player.AudioLoaderRestHandler   : Got request to load for identifier "ytsearch:ZENTYARB"
2566-03-31 15:00:28.654  INFO 20428 --- [lava-daemon-pool-info-loader-2-thread-1] lavalink.server.player.AudioLoader       : Loaded playlist Search results for: ZENTYARB
2566-03-31 15:00:28.658  INFO 20428 --- [XNIO-1 I/O-1] lavalink.server.io.SocketServer          : {"op":"play","guildId":"904174507504336976","track":"QAAAnwIAPVtPZmZpY2lhbCBUZWFzZXJdIFpFTlRZQVJCIC0g4LiL4LmI4Lit4LiZIChQcm9kLiBieSBCSE9PTUtJSikACFpFTlRZQVJCAAAAAAAAUggAC3h6d3p1Z29VMUJFAAEAK2h0dHBzOi8vd3d3LnlvdXR1YmUuY29tL3dhdGNoP3Y9eHp3enVnb1UxQkUAB3lvdXR1YmUAAAAAAAAAAA=="}
2566-03-31 15:00:48.992  INFO 20428 --- [XNIO-1 task-1] l.server.player.AudioLoaderRestHandler   : Got request to load for identifier "ytsearch:ZENTYARB"
2566-03-31 15:00:49.325  INFO 20428 --- [lava-daemon-pool-info-loader-2-thread-1] lavalink.server.player.AudioLoader       : Loaded playlist Search results for: ZENTYARB
2566-03-31 15:00:49.329  INFO 20428 --- [XNIO-1 I/O-1] lavalink.server.io.SocketServer          : {"op":"play","guildId":"904174507504336976","track":"QAAAowIAQVpFTlRZQVJCIC0g4LiZ4LmI4Liy4LiI4Liw4LiU4Li1IChQcm9kLiBieSBUUklMT0dZKSBbT2ZmaWNpYWwgTVZdAAhaRU5UWUFSQgAAAAAAAu4AAAtNTHl2Z3lXNFNNVQABACtodHRwczovL3d3dy55b3V0dWJlLmNvbS93YXRjaD92PU1MeXZneVc0U01VAAd5b3V0dWJlAAAAAAAAAAA="}
2566-03-31 15:04:01.434  INFO 20428 --- [XNIO-1 task-1] l.server.player.AudioLoaderRestHandler   : Got request to load for identifier "ytsearch:ZENTYARB"
2566-03-31 15:04:01.845  INFO 20428 --- [lava-daemon-pool-info-loader-2-thread-1] lavalink.server.player.AudioLoader       : Loaded playlist Search results for: ZENTYARB
2566-03-31 15:04:01.850  INFO 20428 --- [XNIO-1 I/O-1] lavalink.server.io.SocketServer          : {"op":"play","guildId":"904174507504336976","track":"QAAAkgIAMFpFTlRZQVJCIC0gMjQgKFByb2QuIGJ5IE1BWU9KQU1FUykgW09mZmljaWFsIE1WXQAIWkVOVFlBUkIAAAAAAAMwaAALQW1Wb3lMRmlNV0UAAQAraHR0cHM6Ly93d3cueW91dHViZS5jb20vd2F0Y2g/dj1BbVZveUxGaU1XRQAHeW91dHViZQAAAAAAAAAA"}
2566-03-31 15:07:30.239  INFO 20428 --- [XNIO-1 task-1] l.server.player.AudioLoaderRestHandler   : Got request to load for identifier "ytsearch:ZENTYARB"
2566-03-31 15:07:30.643  INFO 20428 --- [lava-daemon-pool-info-loader-2-thread-1] lavalink.server.player.AudioLoader       : Loaded playlist Search results for: ZENTYARB
2566-03-31 15:07:30.646  INFO 20428 --- [XNIO-1 I/O-1] lavalink.server.io.SocketServer          : {"op":"play","guildId":"904174507504336976","track":"QAAAnwIAPVtPZmZpY2lhbCBUZWFzZXJdIFpFTlRZQVJCIC0g4LiL4LmI4Lit4LiZIChQcm9kLiBieSBCSE9PTUtJSikACFpFTlRZQVJCAAAAAAAAUggAC3h6d3p1Z29VMUJFAAEAK2h0dHBzOi8vd3d3LnlvdXR1YmUuY29tL3dhdGNoP3Y9eHp3enVnb1UxQkUAB3lvdXR1YmUAAAAAAAAAAA=="}
2566-03-31 15:07:30.648  INFO 20428 --- [lava-daemon-pool-playback-1-thread-1] c.s.d.l.s.y.YoutubeAccessTokenTracker    : Updating YouTube visitor id (current is Cgs1RENzYk54TUVtUSjRo5qhBg%3D%3D).
2566-03-31 15:07:30.697  INFO 20428 --- [lava-daemon-pool-playback-1-thread-1] c.s.d.l.s.y.YoutubeAccessTokenTracker    : Updating YouTube visitor id succeeded, new one is Cgt1aWFjRjdmRWdCOCjDqZqhBg%3D%3D, next update will be after 600 seconds.
2566-03-31 15:07:51.468  INFO 20428 --- [XNIO-1 task-1] l.server.player.AudioLoaderRestHandler   : Got request to load for identifier "ytsearch:ZENTYARB"
2566-03-31 15:07:51.914  INFO 20428 --- [lava-daemon-pool-info-loader-2-thread-1] lavalink.server.player.AudioLoader       : Loaded playlist Search results for: ZENTYARB
2566-03-31 15:07:51.916  INFO 20428 --- [XNIO-1 I/O-1] lavalink.server.io.SocketServer          : {"op":"play","guildId":"904174507504336976","track":"QAAAmQIAN1pFTlRZQVJCIC0g4LmE4Lih4LmI4LmA4Lit4LiyIGZ0LiBTVVBFUiBHIFtPZmZpY2lhbCBNVl0ACFpFTlRZQVJCAAAAAAACxvAAC0NCS1QyOXJPRHg4AAEAK2h0dHBzOi8vd3d3LnlvdXR1YmUuY29tL3dhdGNoP3Y9Q0JLVDI5ck9EeDgAB3lvdXR1YmUAAAAAAAAAAA=="}
2566-03-31 15:10:53.268  INFO 20428 --- [XNIO-1 task-1] l.server.player.AudioLoaderRestHandler   : Got request to load for identifier "ytsearch:ZENTYARB"
2566-03-31 15:10:53.659  INFO 20428 --- [lava-daemon-pool-info-loader-2-thread-1] lavalink.server.player.AudioLoader       : Loaded playlist Search results for: ZENTYARB
2566-03-31 15:10:53.663  INFO 20428 --- [XNIO-1 I/O-1] lavalink.server.io.SocketServer          : {"op":"play","guildId":"904174507504336976","track":"QAAAkAIALlpFTlRZQVJCIC0gVE9QIENIQVJUIEZ0LiBQVU5ZQVJCIFtPZmZpY2lhbCBNVl0ACFpFTlRZQVJCAAAAAAADHOAAC0pUclo3bVl0NGFjAAEAK2h0dHBzOi8vd3d3LnlvdXR1YmUuY29tL3dhdGNoP3Y9SlRyWjdtWXQ0YWMAB3lvdXR1YmUAAAAAAAAAAA=="}
2566-03-31 15:14:17.069  INFO 20428 --- [XNIO-1 task-1] l.server.player.AudioLoaderRestHandler   : Got request to load for identifier "ytsearch:ZENTYARB"
2566-03-31 15:14:19.857  INFO 20428 --- [lava-daemon-pool-info-loader-2-thread-1] lavalink.server.player.AudioLoader       : Loaded playlist Search results for: ZENTYARB
2566-03-31 15:14:19.860  INFO 20428 --- [XNIO-1 I/O-1] lavalink.server.io.SocketServer          : {"op":"play","guildId":"904174507504336976","track":"QAAAkAIALlpFTlRZQVJCIC0gVE9QIENIQVJUIEZ0LiBQVU5ZQVJCIFtPZmZpY2lhbCBNVl0ACFpFTlRZQVJCAAAAAAADHOAAC0pUclo3bVl0NGFjAAEAK2h0dHBzOi8vd3d3LnlvdXR1YmUuY29tL3dhdGNoP3Y9SlRyWjdtWXQ0YWMAB3lvdXR1YmUAAAAAAAAAAA=="}
2566-03-31 15:17:43.237  INFO 20428 --- [XNIO-1 task-1] l.server.player.AudioLoaderRestHandler   : Got request to load for identifier "ytsearch:ZENTYARB"
2566-03-31 15:17:43.684  INFO 20428 --- [lava-daemon-pool-info-loader-2-thread-1] lavalink.server.player.AudioLoader       : Loaded playlist Search results for: ZENTYARB
2566-03-31 15:17:43.688  INFO 20428 --- [XNIO-1 I/O-1] lavalink.server.io.SocketServer          : {"op":"play","guildId":"904174507504336976","track":"QAAAnwIAPVtPZmZpY2lhbCBUZWFzZXJdIFpFTlRZQVJCIC0g4LiL4LmI4Lit4LiZIChQcm9kLiBieSBCSE9PTUtJSikACFpFTlRZQVJCAAAAAAAAUggAC3h6d3p1Z29VMUJFAAEAK2h0dHBzOi8vd3d3LnlvdXR1YmUuY29tL3dhdGNoP3Y9eHp3enVnb1UxQkUAB3lvdXR1YmUAAAAAAAAAAA=="}
2566-03-31 15:17:43.689  INFO 20428 --- [lava-daemon-pool-playback-1-thread-1] c.s.d.l.s.y.YoutubeAccessTokenTracker    : Updating YouTube visitor id (current is Cgt1aWFjRjdmRWdCOCjDqZqhBg%3D%3D).
2566-03-31 15:17:43.740  INFO 20428 --- [lava-daemon-pool-playback-1-thread-1] c.s.d.l.s.y.YoutubeAccessTokenTracker    : Updating YouTube visitor id succeeded, new one is CgtHLTB3V1BCMTdSNCiorpqhBg%3D%3D, next update will be after 600 seconds.
2566-03-31 15:18:04.079  INFO 20428 --- [XNIO-1 task-1] l.server.player.AudioLoaderRestHandler   : Got request to load for identifier "ytsearch:ZENTYARB"
2566-03-31 15:18:04.508  INFO 20428 --- [lava-daemon-pool-info-loader-2-thread-1] lavalink.server.player.AudioLoader       : Loaded playlist Search results for: ZENTYARB
2566-03-31 15:18:04.512  INFO 20428 --- [XNIO-1 task-1] l.server.player.AudioLoaderRestHandler   : Got request to load for identifier "ytsearch:ZENTYARB"
2566-03-31 15:18:04.869  INFO 20428 --- [lava-daemon-pool-info-loader-2-thread-1] lavalink.server.player.AudioLoader       : Loaded playlist Search results for: ZENTYARB
2566-03-31 15:18:04.873  INFO 20428 --- [XNIO-1 I/O-1] lavalink.server.io.SocketServer          : {"op":"play","guildId":"904174507504336976","track":"QAAAzgIAbFpFTlRZQVJCIC0g4LiG4Liy4LiV4LiB4Lij4LiE4Lin4Liy4Lih4LiI4Liz4LmA4Liq4Li34LmI4Lit4LihIGZ0LiBLLkFHTEVUIChQcm9kLiBieSBCSE9PTUtJSikgW09mZmljaWFsIE1WXQAIWkVOVFlBUkIAAAAAAAO5IAALNl9Wc0hQeWNLcWcAAQAraHR0cHM6Ly93d3cueW91dHViZS5jb20vd2F0Y2g/dj02X1ZzSFB5Y0txZwAHeW91dHViZQAAAAAAAAAA"}
2566-03-31 15:22:08.758  INFO 20428 --- [XNIO-1 task-1] l.server.player.AudioLoaderRestHandler   : Got request to load for identifier "ytsearch:ZENTYARB"
2566-03-31 15:22:09.234  INFO 20428 --- [lava-daemon-pool-info-loader-2-thread-1] lavalink.server.player.AudioLoader       : Loaded playlist Search results for: ZENTYARB
2566-03-31 15:22:09.237  INFO 20428 --- [XNIO-1 I/O-1] lavalink.server.io.SocketServer          : {"op":"play","guildId":"904174507504336976","track":"QAAAtwIAVVpFTlRZQVJCIC0g4Lih4Li14LiX4Li44LiB4Lit4Lii4LmI4Liy4LiHIGZ0LiBTQVJBTiAoUHJvZC4gYnkgQkhPT01LSUopIFtPZmZpY2lhbCBNVl0ACFpFTlRZQVJCAAAAAAADctAAC1BWQ0ZQWC1SR1FrAAEAK2h0dHBzOi8vd3d3LnlvdXR1YmUuY29tL3dhdGNoP3Y9UFZDRlBYLVJHUWsAB3lvdXR1YmUAAAAAAAAAAA=="}
2566-03-31 15:25:54.479  INFO 20428 --- [XNIO-1 task-1] l.server.player.AudioLoaderRestHandler   : Got request to load for identifier "ytsearch:ZENTYARB"
2566-03-31 15:25:54.995  INFO 20428 --- [lava-daemon-pool-info-loader-2-thread-1] lavalink.server.player.AudioLoader       : Loaded playlist Search results for: ZENTYARB
2566-03-31 15:25:55.001  INFO 20428 --- [XNIO-1 I/O-1] lavalink.server.io.SocketServer          : {"op":"play","guildId":"904174507504336976","track":"QAAApwIARVpFTlRZQVJCIC0g4LmB4Lia4LiU4Lie4Lit4Lii4Lix4LiHIGZlYXQuUFVOWUFSQixQT09NLllBUkIsU0FNVUNIWUFSQgAIWkVOVFlBUkIAAAAAAAPoAAALTU5PUnZfenNTTEUAAQAraHR0cHM6Ly93d3cueW91dHViZS5jb20vd2F0Y2g/dj1NTk9Sdl96c1NMRQAHeW91dHViZQAAAAAAAAAA"}
2566-03-31 15:30:10.674  INFO 20428 --- [XNIO-1 task-1] l.server.player.AudioLoaderRestHandler   : Got request to load for identifier "ytsearch:ZENTYARB"
2566-03-31 15:30:11.247  INFO 20428 --- [lava-daemon-pool-info-loader-2-thread-1] lavalink.server.player.AudioLoader       : Loaded playlist Search results for: ZENTYARB
2566-03-31 15:30:11.250  INFO 20428 --- [XNIO-1 I/O-1] lavalink.server.io.SocketServer          : {"op":"play","guildId":"904174507504336976","track":"QAAAkwIAMVpFTlRZQVJCIC0g4LmE4Lih4LmI4LmA4Lir4Lih4Liy4LiwIFtPZmZpY2lhbCBNVl0ACFpFTlRZQVJCAAAAAAACcQAAC18yNUowRTBjZnV3AAEAK2h0dHBzOi8vd3d3LnlvdXR1YmUuY29tL3dhdGNoP3Y9XzI1SjBFMGNmdXcAB3lvdXR1YmUAAAAAAAAAAA=="}
2566-03-31 15:30:11.252  INFO 20428 --- [lava-daemon-pool-playback-1-thread-1] c.s.d.l.s.y.YoutubeAccessTokenTracker    : Updating YouTube visitor id (current is CgtHLTB3V1BCMTdSNCiorpqhBg%3D%3D).
2566-03-31 15:30:11.362  INFO 20428 --- [lava-daemon-pool-playback-1-thread-1] c.s.d.l.s.y.YoutubeAccessTokenTracker    : Updating YouTube visitor id succeeded, new one is CgtEOUJOcmFkQ2ZMUSiTtJqhBg%3D%3D, next update will be after 600 seconds.
2566-03-31 15:32:51.430  INFO 20428 --- [XNIO-1 task-1] l.server.player.AudioLoaderRestHandler   : Got request to load for identifier "ytsearch:ZENTYARB"
2566-03-31 15:32:51.847  INFO 20428 --- [lava-daemon-pool-info-loader-2-thread-1] lavalink.server.player.AudioLoader       : Loaded playlist Search results for: ZENTYARB
2566-03-31 15:32:51.851  INFO 20428 --- [XNIO-1 I/O-1] lavalink.server.io.SocketServer          : {"op":"play","guildId":"904174507504336976","track":"QAAAmQIAN1pFTlRZQVJCIC0g4LmE4Lih4LmI4LmA4Lit4LiyIGZ0LiBTVVBFUiBHIFtPZmZpY2lhbCBNVl0ACFpFTlRZQVJCAAAAAAACxvAAC0NCS1QyOXJPRHg4AAEAK2h0dHBzOi8vd3d3LnlvdXR1YmUuY29tL3dhdGNoP3Y9Q0JLVDI5ck9EeDgAB3lvdXR1YmUAAAAAAAAAAA=="}
2566-03-31 15:35:53.188  INFO 20428 --- [XNIO-1 task-1] l.server.player.AudioLoaderRestHandler   : Got request to load for identifier "ytsearch:ZENTYARB"
2566-03-31 15:35:53.563  INFO 20428 --- [lava-daemon-pool-info-loader-2-thread-1] lavalink.server.player.AudioLoader       : Loaded playlist Search results for: ZENTYARB
2566-03-31 15:35:53.566  INFO 20428 --- [XNIO-1 I/O-1] lavalink.server.io.SocketServer          : {"op":"play","guildId":"904174507504336976","track":"QAAAsQIAT1pFTlRZQVJCIC0g4Lil4Li34Lih4Liq4Lix4LiB4LiX4Li1IGZ0LiBBUkNIRSAoUHJvZC4gYnkgQkhPT01LSUopIFtPZmZpY2lhbCBNVl0ACFpFTlRZQVJCAAAAAAADMGgAC2xPSi1wOHc0U0VNAAEAK2h0dHBzOi8vd3d3LnlvdXR1YmUuY29tL3dhdGNoP3Y9bE9KLXA4dzRTRU0AB3lvdXR1YmUAAAAAAAAAAA=="}
2566-03-31 15:39:22.477  INFO 20428 --- [XNIO-1 task-1] l.server.player.AudioLoaderRestHandler   : Got request to load for identifier "ytsearch:ZENTYARB"
2566-03-31 15:39:22.970  INFO 20428 --- [lava-daemon-pool-info-loader-2-thread-1] lavalink.server.player.AudioLoader       : Loaded playlist Search results for: ZENTYARB
2566-03-31 15:39:22.973  INFO 20428 --- [XNIO-1 I/O-1] lavalink.server.io.SocketServer          : {"op":"play","guildId":"904174507504336976","track":"QAAAxAIAYlpFTlRZQVJCIHggUFVOWUFSQiAtIOC4ieC4muC4seC4muC4m+C4o+C4seC4muC4m+C4o+C4uOC4hyBGdC4gTEFaWUxPWFkgUHJvZC5ieSAxUm9jayBbT2ZmaWNpYWwgTVZdAAhaRU5UWUFSQgAAAAAABDI4AAs0akdqYnNqZWZncwABACtodHRwczovL3d3dy55b3V0dWJlLmNvbS93YXRjaD92PTRqR2pic2plZmdzAAd5b3V0dWJlAAAAAAAAAAA="}
2566-03-31 15:43:57.519  INFO 20428 --- [XNIO-1 task-1] l.server.player.AudioLoaderRestHandler   : Got request to load for identifier "ytsearch:ZENTYARB"
2566-03-31 15:43:58.005  INFO 20428 --- [lava-daemon-pool-info-loader-2-thread-1] lavalink.server.player.AudioLoader       : Loaded playlist Search results for: ZENTYARB
2566-03-31 15:43:58.008  INFO 20428 --- [XNIO-1 I/O-1] lavalink.server.io.SocketServer          : {"op":"play","guildId":"904174507504336976","track":"QAAAxAIAYlpFTlRZQVJCIHggUFVOWUFSQiAtIOC4ieC4muC4seC4muC4m+C4o+C4seC4muC4m+C4o+C4uOC4hyBGdC4gTEFaWUxPWFkgUHJvZC5ieSAxUm9jayBbT2ZmaWNpYWwgTVZdAAhaRU5UWUFSQgAAAAAABDI4AAs0akdqYnNqZWZncwABACtodHRwczovL3d3dy55b3V0dWJlLmNvbS93YXRjaD92PTRqR2pic2plZmdzAAd5b3V0dWJlAAAAAAAAAAA="}
2566-03-31 15:43:58.010  INFO 20428 --- [lava-daemon-pool-playback-1-thread-1] c.s.d.l.s.y.YoutubeAccessTokenTracker    : Updating YouTube visitor id (current is CgtEOUJOcmFkQ2ZMUSiTtJqhBg%3D%3D).
2566-03-31 15:43:58.118  INFO 20428 --- [lava-daemon-pool-playback-1-thread-1] c.s.d.l.s.y.YoutubeAccessTokenTracker    : Updating YouTube visitor id succeeded, new one is CgtVMEFyb0RqTXNjRSjOupqhBg%3D%3D, next update will be after 600 seconds.
2566-03-31 15:48:32.790  INFO 20428 --- [XNIO-1 task-1] l.server.player.AudioLoaderRestHandler   : Got request to load for identifier "ytsearch:ZENTYARB"
2566-03-31 15:48:33.296  INFO 20428 --- [lava-daemon-pool-info-loader-2-thread-1] lavalink.server.player.AudioLoader       : Loaded playlist Search results for: ZENTYARB
2566-03-31 15:48:33.299  INFO 20428 --- [XNIO-1 I/O-1] lavalink.server.io.SocketServer          : {"op":"play","guildId":"904174507504336976","track":"QAAAmQIAN1pFTlRZQVJCIC0g4LmE4Lih4LmI4LmA4Lit4LiyIGZ0LiBTVVBFUiBHIFtPZmZpY2lhbCBNVl0ACFpFTlRZQVJCAAAAAAACxvAAC0NCS1QyOXJPRHg4AAEAK2h0dHBzOi8vd3d3LnlvdXR1YmUuY29tL3dhdGNoP3Y9Q0JLVDI5ck9EeDgAB3lvdXR1YmUAAAAAAAAAAA=="}
2566-03-31 15:51:34.712  INFO 20428 --- [XNIO-1 task-1] l.server.player.AudioLoaderRestHandler   : Got request to load for identifier "ytsearch:ZENTYARB"
2566-03-31 15:51:35.063  INFO 20428 --- [lava-daemon-pool-info-loader-2-thread-1] lavalink.server.player.AudioLoader       : Loaded playlist Search results for: ZENTYARB
2566-03-31 15:51:35.067  INFO 20428 --- [XNIO-1 task-1] l.server.player.AudioLoaderRestHandler   : Got request to load for identifier "ytsearch:ZENTYARB"
2566-03-31 15:51:35.465  INFO 20428 --- [lava-daemon-pool-info-loader-2-thread-1] lavalink.server.player.AudioLoader       : Loaded playlist Search results for: ZENTYARB
2566-03-31 15:51:35.468  INFO 20428 --- [XNIO-1 I/O-1] lavalink.server.io.SocketServer          : {"op":"play","guildId":"904174507504336976","track":"QAAApwIARVpFTlRZQVJCIC0g4LmB4Lia4LiU4Lie4Lit4Lii4Lix4LiHIGZlYXQuUFVOWUFSQixQT09NLllBUkIsU0FNVUNIWUFSQgAIWkVOVFlBUkIAAAAAAAPoAAALTU5PUnZfenNTTEUAAQAraHR0cHM6Ly93d3cueW91dHViZS5jb20vd2F0Y2g/dj1NTk9Sdl96c1NMRQAHeW91dHViZQAAAAAAAAAA"}
2566-03-31 15:55:51.078  INFO 20428 --- [XNIO-1 task-1] l.server.player.AudioLoaderRestHandler   : Got request to load for identifier "ytsearch:ZENTYARB"
2566-03-31 15:55:51.572  INFO 20428 --- [lava-daemon-pool-info-loader-2-thread-1] lavalink.server.player.AudioLoader       : Loaded playlist Search results for: ZENTYARB
2566-03-31 15:55:51.575  INFO 20428 --- [XNIO-1 I/O-1] lavalink.server.io.SocketServer          : {"op":"play","guildId":"904174507504336976","track":"QAAArwIATVpFTlRZQVJCIC0g4Lib4Li04LmI4LiZ4LmA4LiB4Lil4LmJ4LiyIDIwMTggKFByb2QuIGJ5IEJIT09NS0lKKSBbT2ZmaWNpYWwgTVZdAAhaRU5UWUFSQgAAAAAAAwVwAAtPM0M5MTRHempHWQABACtodHRwczovL3d3dy55b3V0dWJlLmNvbS93YXRjaD92PU8zQzkxNEd6akdZAAd5b3V0dWJlAAAAAAAAAAA="}
2566-03-31 15:55:51.577  INFO 20428 --- [lava-daemon-pool-playback-1-thread-1] c.s.d.l.s.y.YoutubeAccessTokenTracker    : Updating YouTube visitor id (current is CgtVMEFyb0RqTXNjRSjOupqhBg%3D%3D).
2566-03-31 15:55:51.686  INFO 20428 --- [lava-daemon-pool-playback-1-thread-1] c.s.d.l.s.y.YoutubeAccessTokenTracker    : Updating YouTube visitor id succeeded, new one is CgtPVUpPTzRfRGlGUSiYwJqhBg%3D%3D, next update will be after 600 seconds.
2566-03-31 15:59:09.798  INFO 20428 --- [XNIO-1 task-1] l.server.player.AudioLoaderRestHandler   : Got request to load for identifier "ytsearch:ZENTYARB"
2566-03-31 15:59:10.257  INFO 20428 --- [lava-daemon-pool-info-loader-2-thread-1] lavalink.server.player.AudioLoader       : Loaded playlist Search results for: ZENTYARB
2566-03-31 15:59:10.261  INFO 20428 --- [XNIO-1 I/O-1] lavalink.server.io.SocketServer          : {"op":"play","guildId":"904174507504336976","track":"QAAAnwIAPVtPZmZpY2lhbCBUZWFzZXJdIFpFTlRZQVJCIC0g4LiL4LmI4Lit4LiZIChQcm9kLiBieSBCSE9PTUtJSikACFpFTlRZQVJCAAAAAAAAUggAC3h6d3p1Z29VMUJFAAEAK2h0dHBzOi8vd3d3LnlvdXR1YmUuY29tL3dhdGNoP3Y9eHp3enVnb1UxQkUAB3lvdXR1YmUAAAAAAAAAAA=="}
2566-03-31 15:59:30.401  INFO 20428 --- [XNIO-1 task-1] l.server.player.AudioLoaderRestHandler   : Got request to load for identifier "ytsearch:ZENTYARB"
2566-03-31 15:59:30.780  INFO 20428 --- [lava-daemon-pool-info-loader-2-thread-1] lavalink.server.player.AudioLoader       : Loaded playlist Search results for: ZENTYARB
2566-03-31 15:59:30.784  INFO 20428 --- [XNIO-1 I/O-1] lavalink.server.io.SocketServer          : {"op":"play","guildId":"904174507504336976","track":"QAAAtwIAVVpFTlRZQVJCIC0g4Lih4Li14LiX4Li44LiB4Lit4Lii4LmI4Liy4LiHIGZ0LiBTQVJBTiAoUHJvZC4gYnkgQkhPT01LSUopIFtPZmZpY2lhbCBNVl0ACFpFTlRZQVJCAAAAAAADctAAC1BWQ0ZQWC1SR1FrAAEAK2h0dHBzOi8vd3d3LnlvdXR1YmUuY29tL3dhdGNoP3Y9UFZDRlBYLVJHUWsAB3lvdXR1YmUAAAAAAAAAAA=="}
2566-03-31 16:03:15.913  INFO 20428 --- [XNIO-1 task-1] l.server.player.AudioLoaderRestHandler   : Got request to load for identifier "ytsearch:ZENTYARB"
2566-03-31 16:03:16.602  INFO 20428 --- [lava-daemon-pool-info-loader-2-thread-1] lavalink.server.player.AudioLoader       : Loaded playlist Search results for: ZENTYARB
2566-03-31 16:03:16.605  INFO 20428 --- [XNIO-1 I/O-1] lavalink.server.io.SocketServer          : {"op":"play","guildId":"904174507504336976","track":"QAAAbgIADOC4i+C5iOC4reC4mQAIWkVOVFlBUkIAAAAAAAMRKAALNThaSlhFOTJsYkUAAQAraHR0cHM6Ly93d3cueW91dHViZS5jb20vd2F0Y2g/dj01OFpKWEU5MmxiRQAHeW91dHViZQAAAAAAAAAA"}
2566-03-31 16:06:37.313  INFO 20428 --- [XNIO-1 task-1] l.server.player.AudioLoaderRestHandler   : Got request to load for identifier "ytsearch:ZENTYARB"
2566-03-31 16:06:37.772  INFO 20428 --- [lava-daemon-pool-info-loader-2-thread-1] lavalink.server.player.AudioLoader       : Loaded playlist Search results for: ZENTYARB
2566-03-31 16:06:37.774  INFO 20428 --- [XNIO-1 I/O-1] lavalink.server.io.SocketServer          : {"op":"play","guildId":"904174507504336976","track":"QAAAkwIAMVpFTlRZQVJCIC0g4LmE4Lih4LmI4LmA4Lir4Lih4Liy4LiwIFtPZmZpY2lhbCBNVl0ACFpFTlRZQVJCAAAAAAACcQAAC18yNUowRTBjZnV3AAEAK2h0dHBzOi8vd3d3LnlvdXR1YmUuY29tL3dhdGNoP3Y9XzI1SjBFMGNmdXcAB3lvdXR1YmUAAAAAAAAAAA=="}
2566-03-31 16:06:37.775  INFO 20428 --- [lava-daemon-pool-playback-1-thread-1] c.s.d.l.s.y.YoutubeAccessTokenTracker    : Updating YouTube visitor id (current is CgtPVUpPTzRfRGlGUSiYwJqhBg%3D%3D).
2566-03-31 16:06:37.872  INFO 20428 --- [lava-daemon-pool-playback-1-thread-1] c.s.d.l.s.y.YoutubeAccessTokenTracker    : Updating YouTube visitor id succeeded, new one is CgtiVXZ0akhCUVlIdyiexZqhBg%3D%3D, next update will be after 600 seconds.
2566-03-31 16:09:17.909  INFO 20428 --- [XNIO-1 task-1] l.server.player.AudioLoaderRestHandler   : Got request to load for identifier "ytsearch:ZENTYARB"
2566-03-31 16:09:18.389  INFO 20428 --- [lava-daemon-pool-info-loader-2-thread-1] lavalink.server.player.AudioLoader       : Loaded playlist Search results for: ZENTYARB
2566-03-31 16:09:18.392  INFO 20428 --- [XNIO-1 I/O-1] lavalink.server.io.SocketServer          : {"op":"play","guildId":"904174507504336976","track":"QAAAxAIAYlpFTlRZQVJCIHggUFVOWUFSQiAtIOC4ieC4muC4seC4muC4m+C4o+C4seC4muC4m+C4o+C4uOC4hyBGdC4gTEFaWUxPWFkgUHJvZC5ieSAxUm9jayBbT2ZmaWNpYWwgTVZdAAhaRU5UWUFSQgAAAAAABDI4AAs0akdqYnNqZWZncwABACtodHRwczovL3d3dy55b3V0dWJlLmNvbS93YXRjaD92PTRqR2pic2plZmdzAAd5b3V0dWJlAAAAAAAAAAA="}
2566-03-31 16:13:52.922  INFO 20428 --- [XNIO-1 task-1] l.server.player.AudioLoaderRestHandler   : Got request to load for identifier "ytsearch:ZENTYARB"
2566-03-31 16:13:53.494  INFO 20428 --- [lava-daemon-pool-info-loader-2-thread-1] lavalink.server.player.AudioLoader       : Loaded playlist Search results for: ZENTYARB
2566-03-31 16:13:53.497  INFO 20428 --- [XNIO-1 I/O-1] lavalink.server.io.SocketServer          : {"op":"play","guildId":"904174507504336976","track":"QAAApwIARVpFTlRZQVJCIC0g4LmB4Lia4LiU4Lie4Lit4Lii4Lix4LiHIGZlYXQuUFVOWUFSQixQT09NLllBUkIsU0FNVUNIWUFSQgAIWkVOVFlBUkIAAAAAAAPoAAALTU5PUnZfenNTTEUAAQAraHR0cHM6Ly93d3cueW91dHViZS5jb20vd2F0Y2g/dj1NTk9Sdl96c1NMRQAHeW91dHViZQAAAAAAAAAA"}
2566-03-31 16:18:09.217  INFO 20428 --- [XNIO-1 task-1] l.server.player.AudioLoaderRestHandler   : Got request to load for identifier "ytsearch:ZENTYARB"
2566-03-31 16:18:09.784  INFO 20428 --- [lava-daemon-pool-info-loader-2-thread-1] lavalink.server.player.AudioLoader       : Loaded playlist Search results for: ZENTYARB
2566-03-31 16:18:09.788  INFO 20428 --- [XNIO-1 I/O-1] lavalink.server.io.SocketServer          : {"op":"play","guildId":"904174507504336976","track":"QAAArwIATVpFTlRZQVJCIC0g4Lib4Li04LmI4LiZ4LmA4LiB4Lil4LmJ4LiyIDIwMTggKFByb2QuIGJ5IEJIT09NS0lKKSBbT2ZmaWNpYWwgTVZdAAhaRU5UWUFSQgAAAAAAAwVwAAtPM0M5MTRHempHWQABACtodHRwczovL3d3dy55b3V0dWJlLmNvbS93YXRjaD92PU8zQzkxNEd6akdZAAd5b3V0dWJlAAAAAAAAAAA="}
2566-03-31 16:18:09.789  INFO 20428 --- [lava-daemon-pool-playback-1-thread-1] c.s.d.l.s.y.YoutubeAccessTokenTracker    : Updating YouTube visitor id (current is CgtiVXZ0akhCUVlIdyiexZqhBg%3D%3D).
2566-03-31 16:18:09.900  INFO 20428 --- [lava-daemon-pool-playback-1-thread-1] c.s.d.l.s.y.YoutubeAccessTokenTracker    : Updating YouTube visitor id succeeded, new one is CgtiZXNqVkloZEpsbyjSypqhBg%3D%3D, next update will be after 600 seconds.
2566-03-31 16:21:28.060  INFO 20428 --- [XNIO-1 task-1] l.server.player.AudioLoaderRestHandler   : Got request to load for identifier "ytsearch:ZENTYARB"
2566-03-31 16:21:28.531  INFO 20428 --- [lava-daemon-pool-info-loader-2-thread-1] lavalink.server.player.AudioLoader       : Loaded playlist Search results for: ZENTYARB
2566-03-31 16:21:28.534  INFO 20428 --- [XNIO-1 I/O-1] lavalink.server.io.SocketServer          : {"op":"play","guildId":"904174507504336976","track":"QAAAkwIAMVpFTlRZQVJCIC0g4LmE4Lih4LmI4LmA4Lir4Lih4Liy4LiwIFtPZmZpY2lhbCBNVl0ACFpFTlRZQVJCAAAAAAACcQAAC18yNUowRTBjZnV3AAEAK2h0dHBzOi8vd3d3LnlvdXR1YmUuY29tL3dhdGNoP3Y9XzI1SjBFMGNmdXcAB3lvdXR1YmUAAAAAAAAAAA=="}
2566-03-31 16:24:08.416  INFO 20428 --- [XNIO-1 task-1] l.server.player.AudioLoaderRestHandler   : Got request to load for identifier "ytsearch:ZENTYARB"
2566-03-31 16:24:08.881  INFO 20428 --- [lava-daemon-pool-info-loader-2-thread-1] lavalink.server.player.AudioLoader       : Loaded playlist Search results for: ZENTYARB
2566-03-31 16:24:08.884  INFO 20428 --- [XNIO-1 I/O-1] lavalink.server.io.SocketServer          : {"op":"play","guildId":"904174507504336976","track":"QAAAzgIAbFpFTlRZQVJCIC0g4LiG4Liy4LiV4LiB4Lij4LiE4Lin4Liy4Lih4LiI4Liz4LmA4Liq4Li34LmI4Lit4LihIGZ0LiBLLkFHTEVUIChQcm9kLiBieSBCSE9PTUtJSikgW09mZmljaWFsIE1WXQAIWkVOVFlBUkIAAAAAAAO5IAALNl9Wc0hQeWNLcWcAAQAraHR0cHM6Ly93d3cueW91dHViZS5jb20vd2F0Y2g/dj02X1ZzSFB5Y0txZwAHeW91dHViZQAAAAAAAAAA"}
2566-03-31 16:28:12.727  INFO 20428 --- [XNIO-1 task-1] l.server.player.AudioLoaderRestHandler   : Got request to load for identifier "ytsearch:ZENTYARB"
2566-03-31 16:28:13.183  INFO 20428 --- [lava-daemon-pool-info-loader-2-thread-1] lavalink.server.player.AudioLoader       : Loaded playlist Search results for: ZENTYARB
2566-03-31 16:28:13.186  INFO 20428 --- [XNIO-1 I/O-1] lavalink.server.io.SocketServer          : {"op":"play","guildId":"904174507504336976","track":"QAAAbgIADOC4i+C5iOC4reC4mQAIWkVOVFlBUkIAAAAAAAMRKAALNThaSlhFOTJsYkUAAQAraHR0cHM6Ly93d3cueW91dHViZS5jb20vd2F0Y2g/dj01OFpKWEU5MmxiRQAHeW91dHViZQAAAAAAAAAA"}
2566-03-31 16:28:13.187  INFO 20428 --- [lava-daemon-pool-playback-1-thread-1] c.s.d.l.s.y.YoutubeAccessTokenTracker    : Updating YouTube visitor id (current is CgtiZXNqVkloZEpsbyjSypqhBg%3D%3D).
2566-03-31 16:28:13.294  INFO 20428 --- [lava-daemon-pool-playback-1-thread-1] c.s.d.l.s.y.YoutubeAccessTokenTracker    : Updating YouTube visitor id succeeded, new one is CgsyNklTdGFJYUNhNCitz5qhBg%3D%3D, next update will be after 600 seconds.
2566-03-31 16:31:34.210  INFO 20428 --- [XNIO-1 task-1] l.server.player.AudioLoaderRestHandler   : Got request to load for identifier "ytsearch:ZENTYARB"
2566-03-31 16:31:34.587  INFO 20428 --- [lava-daemon-pool-info-loader-2-thread-1] lavalink.server.player.AudioLoader       : Loaded playlist Search results for: ZENTYARB
2566-03-31 16:31:34.590  INFO 20428 --- [XNIO-1 I/O-1] lavalink.server.io.SocketServer          : {"op":"play","guildId":"904174507504336976","track":"QAAAzgIAbFpFTlRZQVJCIC0g4LiG4Liy4LiV4LiB4Lij4LiE4Lin4Liy4Lih4LiI4Liz4LmA4Liq4Li34LmI4Lit4LihIGZ0LiBLLkFHTEVUIChQcm9kLiBieSBCSE9PTUtJSikgW09mZmljaWFsIE1WXQAIWkVOVFlBUkIAAAAAAAO5IAALNl9Wc0hQeWNLcWcAAQAraHR0cHM6Ly93d3cueW91dHViZS5jb20vd2F0Y2g/dj02X1ZzSFB5Y0txZwAHeW91dHViZQAAAAAAAAAA"}
2566-03-31 16:35:38.376  INFO 20428 --- [XNIO-1 task-1] l.server.player.AudioLoaderRestHandler   : Got request to load for identifier "ytsearch:ZENTYARB"
2566-03-31 16:35:38.856  INFO 20428 --- [lava-daemon-pool-info-loader-2-thread-1] lavalink.server.player.AudioLoader       : Loaded playlist Search results for: ZENTYARB
2566-03-31 16:35:38.861  INFO 20428 --- [XNIO-1 I/O-1] lavalink.server.io.SocketServer          : {"op":"play","guildId":"904174507504336976","track":"QAAArwIATVpFTlRZQVJCIC0g4Lib4Li04LmI4LiZ4LmA4LiB4Lil4LmJ4LiyIDIwMTggKFByb2QuIGJ5IEJIT09NS0lKKSBbT2ZmaWNpYWwgTVZdAAhaRU5UWUFSQgAAAAAAAwVwAAtPM0M5MTRHempHWQABACtodHRwczovL3d3dy55b3V0dWJlLmNvbS93YXRjaD92PU8zQzkxNEd6akdZAAd5b3V0dWJlAAAAAAAAAAA="}
2566-03-31 16:38:56.810  INFO 20428 --- [XNIO-1 task-1] l.server.player.AudioLoaderRestHandler   : Got request to load for identifier "ytsearch:ZENTYARB"
2566-03-31 16:38:57.222  INFO 20428 --- [lava-daemon-pool-info-loader-2-thread-1] lavalink.server.player.AudioLoader       : Loaded playlist Search results for: ZENTYARB
2566-03-31 16:38:57.224  INFO 20428 --- [XNIO-1 I/O-1] lavalink.server.io.SocketServer          : {"op":"play","guildId":"904174507504336976","track":"QAAAkgIAMFpFTlRZQVJCIC0gMjQgKFByb2QuIGJ5IE1BWU9KQU1FUykgW09mZmljaWFsIE1WXQAIWkVOVFlBUkIAAAAAAAMwaAALQW1Wb3lMRmlNV0UAAQAraHR0cHM6Ly93d3cueW91dHViZS5jb20vd2F0Y2g/dj1BbVZveUxGaU1XRQAHeW91dHViZQAAAAAAAAAA"}
2566-03-31 16:38:57.225  INFO 20428 --- [lava-daemon-pool-playback-1-thread-1] c.s.d.l.s.y.YoutubeAccessTokenTracker    : Updating YouTube visitor id (current is CgsyNklTdGFJYUNhNCitz5qhBg%3D%3D).
2566-03-31 16:38:57.271  INFO 20428 --- [lava-daemon-pool-playback-1-thread-1] c.s.d.l.s.y.YoutubeAccessTokenTracker    : Updating YouTube visitor id succeeded, new one is CgtIUnB3cWQ4cEoxdyix1JqhBg%3D%3D, next update will be after 600 seconds.
2566-03-31 16:40:51.105  INFO 20428 --- [XNIO-1 I/O-1] lavalink.server.io.SocketServer          : Connection closed from /[0:0:0:0:0:0:0:1]:58567 -- CloseStatus[code=1006, reason=]
2566-03-31 16:40:51.106  INFO 20428 --- [XNIO-1 I/O-1] lavalink.server.io.SocketContext         : Shutting down 1 playing players.
2566-03-31 16:40:56.537  INFO 20428 --- [XNIO-1 task-1] l.server.io.HandshakeInterceptorImpl     : Incoming connection from /[0:0:0:0:0:0:0:1]:54161
2566-03-31 16:40:56.540  INFO 20428 --- [XNIO-1 task-1] lavalink.server.io.SocketServer          : Connection successfully established from erela.js
2566-03-31 16:41:01.473  INFO 20428 --- [XNIO-1 I/O-7] lavalink.server.io.SocketServer          : Connection closed from /[0:0:0:0:0:0:0:1]:54161 -- CloseStatus[code=1006, reason=]
2566-03-31 16:41:01.473  INFO 20428 --- [XNIO-1 I/O-7] lavalink.server.io.SocketContext         : Shutting down 0 playing players.
2566-03-31 16:43:07.223  INFO 20428 --- [XNIO-1 task-1] l.server.io.HandshakeInterceptorImpl     : Incoming connection from /[0:0:0:0:0:0:0:1]:54245
2566-03-31 16:43:07.227  INFO 20428 --- [XNIO-1 task-1] lavalink.server.io.SocketServer          : Connection successfully established from erela.js
2566-03-31 16:43:33.265  INFO 20428 --- [XNIO-1 I/O-10] lavalink.server.io.SocketServer          : Connection closed from /[0:0:0:0:0:0:0:1]:54245 -- CloseStatus[code=1006, reason=]
2566-03-31 16:43:33.266  INFO 20428 --- [XNIO-1 I/O-10] lavalink.server.io.SocketContext         : Shutting down 0 playing players.
2566-03-31 16:43:37.519  INFO 20428 --- [XNIO-1 task-1] l.server.io.HandshakeInterceptorImpl     : Incoming connection from /[0:0:0:0:0:0:0:1]:54272
2566-03-31 16:43:37.523  INFO 20428 --- [XNIO-1 task-1] lavalink.server.io.SocketServer          : Connection successfully established from erela.js
2566-03-31 16:44:04.232  INFO 20428 --- [XNIO-1 task-1] l.server.player.AudioLoaderRestHandler   : Got request to load for identifier "ytsearch:ZENTYARB - 24"
2566-03-31 16:44:04.595  INFO 20428 --- [lava-daemon-pool-info-loader-2-thread-1] lavalink.server.player.AudioLoader       : Loaded playlist Search results for: ZENTYARB - 24
2566-03-31 16:44:04.599  INFO 20428 --- [XNIO-1 I/O-8] lavalink.server.io.SocketServer          : {"op":"volume","guildId":"904174507504336976","volume":100}
2566-03-31 16:44:04.599  WARN 20428 --- [XNIO-1 I/O-8] lavalink.server.io.WebSocketHandler      : Sending websocket commands to Lavalink has been deprecated and will be removed in API version 4. API version 3 will be removed in Lavalink 5. Please use the new REST endpoints instead.
2566-03-31 16:44:04.600  INFO 20428 --- [XNIO-1 I/O-8] lavalink.server.io.SocketServer          : {"op":"play","guildId":"904174507504336976","track":"QAAAkgIAMFpFTlRZQVJCIC0gMjQgKFByb2QuIGJ5IE1BWU9KQU1FUykgW09mZmljaWFsIE1WXQAIWkVOVFlBUkIAAAAAAAMwaAALQW1Wb3lMRmlNV0UAAQAraHR0cHM6Ly93d3cueW91dHViZS5jb20vd2F0Y2g/dj1BbVZveUxGaU1XRQAHeW91dHViZQAAAAAAAAAA"}
2566-03-31 16:44:05.100  INFO 20428 --- [XNIO-1 I/O-8] lavalink.server.io.SocketServer          : {"op":"voiceUpdate","guildId":"904174507504336976","sessionId":"cbece96c9e6aa94130f7da0aa0c849af","event":{"token":"fe86d597152954e3","guild_id":"904174507504336976","endpoint":"singapore3383.discord.media:443"}}
2566-03-31 16:44:22.274  INFO 20428 --- [XNIO-1 I/O-8] lavalink.server.io.SocketServer          : {"op":"stop","guildId":"904174507504336976"}
2566-03-31 16:44:22.278  INFO 20428 --- [XNIO-1 I/O-8] lavalink.server.io.SocketServer          : {"op":"destroy","guildId":"904174507504336976"}
2566-03-31 16:44:29.219  INFO 20428 --- [XNIO-1 task-1] l.server.player.AudioLoaderRestHandler   : Got request to load for identifier "ytsearch:ZENTYARB"
2566-03-31 16:44:29.642  INFO 20428 --- [lava-daemon-pool-info-loader-2-thread-1] lavalink.server.player.AudioLoader       : Loaded playlist Search results for: ZENTYARB
2566-03-31 16:44:29.646  INFO 20428 --- [XNIO-1 I/O-8] lavalink.server.io.SocketServer          : {"op":"volume","guildId":"904174507504336976","volume":100}
2566-03-31 16:44:29.646  INFO 20428 --- [XNIO-1 I/O-8] lavalink.server.io.SocketServer          : {"op":"play","guildId":"904174507504336976","track":"QAAAkgIAMFpFTlRZQVJCIC0gMjQgKFByb2QuIGJ5IE1BWU9KQU1FUykgW09mZmljaWFsIE1WXQAIWkVOVFlBUkIAAAAAAAMwaAALQW1Wb3lMRmlNV0UAAQAraHR0cHM6Ly93d3cueW91dHViZS5jb20vd2F0Y2g/dj1BbVZveUxGaU1XRQAHeW91dHViZQAAAAAAAAAA"}
2566-03-31 16:44:30.140  INFO 20428 --- [XNIO-1 I/O-8] lavalink.server.io.SocketServer          : {"op":"voiceUpdate","guildId":"904174507504336976","sessionId":"cbece96c9e6aa94130f7da0aa0c849af","event":{"token":"9748afd3f4700202","guild_id":"904174507504336976","endpoint":"singapore3383.discord.media:443"}}
2566-03-31 16:44:39.898  INFO 20428 --- [XNIO-1 I/O-8] lavalink.server.io.SocketServer          : {"op":"stop","guildId":"904174507504336976"}
2566-03-31 16:44:39.903  INFO 20428 --- [XNIO-1 task-1] l.server.player.AudioLoaderRestHandler   : Got request to load for identifier "ytsearch:ZENTYARB"
2566-03-31 16:44:40.309  INFO 20428 --- [lava-daemon-pool-info-loader-2-thread-1] lavalink.server.player.AudioLoader       : Loaded playlist Search results for: ZENTYARB
2566-03-31 16:44:40.313  INFO 20428 --- [XNIO-1 I/O-8] lavalink.server.io.SocketServer          : {"op":"play","guildId":"904174507504336976","track":"QAAAzgIAbFpFTlRZQVJCIC0g4LiG4Liy4LiV4LiB4Lij4LiE4Lin4Liy4Lih4LiI4Liz4LmA4Liq4Li34LmI4Lit4LihIGZ0LiBLLkFHTEVUIChQcm9kLiBieSBCSE9PTUtJSikgW09mZmljaWFsIE1WXQAIWkVOVFlBUkIAAAAAAAO5IAALNl9Wc0hQeWNLcWcAAQAraHR0cHM6Ly93d3cueW91dHViZS5jb20vd2F0Y2g/dj02X1ZzSFB5Y0txZwAHeW91dHViZQAAAAAAAAAA"}
2566-03-31 16:47:36.790  INFO 20428 --- [XNIO-1 I/O-8] lavalink.server.io.SocketServer          : Connection closed from /[0:0:0:0:0:0:0:1]:54272 -- CloseStatus[code=1006, reason=]
2566-03-31 16:47:36.790  INFO 20428 --- [XNIO-1 I/O-8] lavalink.server.io.SocketContext         : Shutting down 1 playing players.
2566-03-31 16:47:41.842  INFO 20428 --- [XNIO-1 task-1] l.server.io.HandshakeInterceptorImpl     : Incoming connection from /[0:0:0:0:0:0:0:1]:54458
2566-03-31 16:47:41.845  INFO 20428 --- [XNIO-1 task-1] lavalink.server.io.SocketServer          : Connection successfully established from erela.js
2566-03-31 16:49:36.214  INFO 20428 --- [XNIO-1 I/O-11] lavalink.server.io.SocketServer          : Connection closed from /[0:0:0:0:0:0:0:1]:54458 -- CloseStatus[code=1006, reason=]
2566-03-31 16:49:36.215  INFO 20428 --- [XNIO-1 I/O-11] lavalink.server.io.SocketContext         : Shutting down 0 playing players.
2566-03-31 16:49:43.922  INFO 20428 --- [XNIO-1 task-1] l.server.io.HandshakeInterceptorImpl     : Incoming connection from /[0:0:0:0:0:0:0:1]:54535
2566-03-31 16:49:43.924  INFO 20428 --- [XNIO-1 task-1] lavalink.server.io.SocketServer          : Connection successfully established from erela.js
2566-03-31 16:49:43.934  INFO 20428 --- [XNIO-1 I/O-8] lavalink.server.io.SocketServer          : Connection closed from /[0:0:0:0:0:0:0:1]:54535 -- CloseStatus[code=1006, reason=]
2566-03-31 16:49:43.934  INFO 20428 --- [XNIO-1 I/O-8] lavalink.server.io.SocketContext         : Shutting down 0 playing players.
2566-03-31 16:50:00.807  INFO 20428 --- [XNIO-1 task-1] l.server.io.HandshakeInterceptorImpl     : Incoming connection from /[0:0:0:0:0:0:0:1]:54546
2566-03-31 16:50:00.810  INFO 20428 --- [XNIO-1 task-1] lavalink.server.io.SocketServer          : Connection successfully established from erela.js
2566-03-31 16:50:15.705  INFO 20428 --- [XNIO-1 I/O-3] lavalink.server.io.SocketServer          : Connection closed from /[0:0:0:0:0:0:0:1]:54546 -- CloseStatus[code=1006, reason=]
2566-03-31 16:50:15.706  INFO 20428 --- [XNIO-1 I/O-3] lavalink.server.io.SocketContext         : Shutting down 0 playing players.
2566-03-31 16:50:19.913  INFO 20428 --- [XNIO-1 task-1] l.server.io.HandshakeInterceptorImpl     : Incoming connection from /[0:0:0:0:0:0:0:1]:54567
2566-03-31 16:50:19.918  INFO 20428 --- [XNIO-1 task-1] lavalink.server.io.SocketServer          : Connection successfully established from erela.js
2566-03-31 16:50:57.837  INFO 20428 --- [XNIO-1 I/O-11] lavalink.server.io.SocketServer          : Connection closed from /[0:0:0:0:0:0:0:1]:54567 -- CloseStatus[code=1006, reason=]
2566-03-31 16:50:57.838  INFO 20428 --- [XNIO-1 I/O-11] lavalink.server.io.SocketContext         : Shutting down 0 playing players.
2566-03-31 16:51:02.065  INFO 20428 --- [XNIO-1 task-1] l.server.io.HandshakeInterceptorImpl     : Incoming connection from /[0:0:0:0:0:0:0:1]:54604
2566-03-31 16:51:02.069  INFO 20428 --- [XNIO-1 task-1] lavalink.server.io.SocketServer          : Connection successfully established from erela.js
2566-03-31 16:51:06.833  INFO 20428 --- [XNIO-1 I/O-1] lavalink.server.io.SocketServer          : Connection closed from /[0:0:0:0:0:0:0:1]:54604 -- CloseStatus[code=1006, reason=]
2566-03-31 16:51:06.834  INFO 20428 --- [XNIO-1 I/O-1] lavalink.server.io.SocketContext         : Shutting down 0 playing players.
